<?xml version="1.0" encoding="UTF-8"?>
<coverage generated="1508363770617" clover="3.2.0">
  <project timestamp="1508363770617" name="All files">
    <metrics statements="6" coveredstatements="6" conditionals="2" coveredconditionals="1" methods="1" coveredmethods="1" elements="9" coveredelements="8" complexity="0" loc="6" ncloc="6" packages="1" files="1" classes="1">
      <file name="standalone-module.ts" path="/Users/dlynch/Sites/standalone-module/src/standalone-module.ts">
        <metrics statements="6" coveredstatements="6" conditionals="2" coveredconditionals="1" methods="1" coveredmethods="1"/>
        <line num="1" count="1" type="stmt"/>
        <line num="8" count="2" type="cond" truecount="1" falsecount="1"/>
        <line num="9" count="1" type="stmt"/>
        <line num="10" count="1" type="stmt"/>
        <line num="13" count="1" type="stmt"/>
        <line num="16" count="1" type="stmt"/>
      </file>
    </metrics>
  </project>
</coverage>
