{"/Users/dlynch/Sites/standalone-module/src/standalone-module.ts": {"path":"/Users/dlynch/Sites/standalone-module/src/standalone-module.ts","statementMap":{"0":{"start":{"line":1,"column":0},"end":{"line":21,"column":-1}},"1":{"start":{"line":8,"column":25},"end":{"line":20,"column":1}},"2":{"start":{"line":10,"column":2},"end":{"line":10,"column":25}},"3":{"start":{"line":12,"column":10},"end":{"line":12,"column":44}},"4":{"start":{"line":13,"column":17},"end":{"line":15,"column":4}},"5":{"start":{"line":13,"column":8},"end":{"line":15,"column":4}},"6":{"start":{"line":16,"column":19},"end":{"line":18,"column":4}},"7":{"start":{"line":16,"column":10},"end":{"line":16,"column":14}},"8":{"start":{"line":19,"column":2},"end":{"line":19,"column":13}}},"fnMap":{"0":{"name":"(anonymous_12)","decl":{"start":{"line":8,"column":25},"end":{"line":9,"column":1}},"loc":{"start":{"line":10,"column":25},"end":{"line":20,"column":1}}}},"branchMap":{"0":{"loc":{"start":{"line":10,"column":2},"end":{"line":10,"column":25}},"type":"if","locations":[{"start":{"line":10,"column":2},"end":{"line":10,"column":25}},{"start":{"line":10,"column":2},"end":{"line":10,"column":25}}]}},"s":{"0":1,"1":1,"2":2,"3":1,"4":1,"5":1,"6":1,"7":1,"8":1},"f":{"0":1},"b":{"0":[1,0]}}
}
