{"/Users/dlynch/Sites/standalone-module/src/standalone-module.ts": {"path":"/Users/dlynch/Sites/standalone-module/src/standalone-module.ts","statementMap":{"0":{"start":{"line":1,"column":0},"end":{"line":18,"column":-1}},"1":{"start":{"line":8,"column":25},"end":{"line":17,"column":1}},"2":{"start":{"line":8,"column":53},"end":{"line":8,"column":76}},"3":{"start":{"line":9,"column":10},"end":{"line":9,"column":45}},"4":{"start":{"line":10,"column":17},"end":{"line":12,"column":4}},"5":{"start":{"line":10,"column":8},"end":{"line":12,"column":4}},"6":{"start":{"line":13,"column":19},"end":{"line":15,"column":4}},"7":{"start":{"line":13,"column":10},"end":{"line":13,"column":14}},"8":{"start":{"line":16,"column":2},"end":{"line":16,"column":14}}},"fnMap":{"0":{"name":"(anonymous_12)","decl":{"start":{"line":8,"column":25},"end":{"line":8,"column":31}},"loc":{"start":{"line":8,"column":76},"end":{"line":17,"column":1}}}},"branchMap":{"0":{"loc":{"start":{"line":8,"column":53},"end":{"line":8,"column":76}},"type":"if","locations":[{"start":{"line":8,"column":53},"end":{"line":8,"column":76}},{"start":{"line":8,"column":53},"end":{"line":8,"column":76}}]}},"s":{"0":1,"1":1,"2":2,"3":1,"4":1,"5":1,"6":1,"7":1,"8":1},"f":{"0":1},"b":{"0":[1,0]}}
}
